# JRE version: Java(TM) SE Runtime Environment (19.0.1+10) (build 19.0.1+10-21)
# Java VM: Java HotSpot(TM) 64-Bit Server VM (19.0.1+10-21, mixed mode, sharing, tiered, compressed oops, compressed class ptrs, parallel gc, windows-amd64)
GC Precious Log:
 CardTable entry size: 512
 CPUs: 12 total, 12 available
 Memory: 8013M
 Large Page Support: Disabled
 NUMA Support: Disabled
 Compressed Oops: Enabled (32-bit)
 Alignments: Space 512K, Generation 512K, Heap 2M
 Heap Min Capacity: 100M
 Heap Initial Capacity: 100M
 Heap Max Capacity: 1G
 Pre-touch: Disabled
 Parallel Workers: 10
Heap:
 PSYoungGen      total 16384K, used 12792K [0x00000000eab00000, 0x00000000ebc80000, 0x0000000100000000)
  eden space 15360K, 78% used [0x00000000eab00000,0x00000000eb6c6270,0x00000000eba00000)
  from space 1024K, 71% used [0x00000000ebb80000,0x00000000ebc38000,0x00000000ebc80000)
  to   space 1024K, 0% used [0x00000000eba80000,0x00000000eba80000,0x00000000ebb80000)
 ParOldGen       total 68608K, used 38729K [0x00000000c0000000, 0x00000000c4300000, 0x00000000eab00000)
  object space 68608K, 56% used [0x00000000c0000000,0x00000000c25d2780,0x00000000c4300000)
 Metaspace       used 61520K, committed 62848K, reserved 1114112K
  class space    used 7349K, committed 7936K, reserved 1048576K
GC Heap History (20 events):
Event: 29.432 GC heap before
{Heap before GC invocations=42 (full 3):
 PSYoungGen      total 15872K, used 15729K [0x00000000eab00000, 0x00000000ebe80000, 0x0000000100000000)
  eden space 15360K, 100% used [0x00000000eab00000,0x00000000eba00000,0x00000000eba00000)
  from space 512K, 72% used [0x00000000ebe00000,0x00000000ebe5c4e8,0x00000000ebe80000)
  to   space 1024K, 0% used [0x00000000ebc80000,0x00000000ebc80000,0x00000000ebd80000)
 ParOldGen       total 68608K, used 37184K [0x00000000c0000000, 0x00000000c4300000, 0x00000000eab00000)
  object space 68608K, 54% used [0x00000000c0000000,0x00000000c2450170,0x00000000c4300000)
 Metaspace       used 59288K, committed 60480K, reserved 1114112K
  class space    used 7093K, committed 7616K, reserved 1048576K
}
Event: 29.433 GC heap after
{Heap after GC invocations=42 (full 3):
 PSYoungGen      total 16384K, used 1018K [0x00000000eab00000, 0x00000000ebe80000, 0x0000000100000000)
  eden space 15360K, 0% used [0x00000000eab00000,0x00000000eab00000,0x00000000eba00000)
  from space 1024K, 99% used [0x00000000ebc80000,0x00000000ebd7e848,0x00000000ebd80000)
  to   space 1024K, 0% used [0x00000000ebd80000,0x00000000ebd80000,0x00000000ebe80000)
 ParOldGen       total 68608K, used 37274K [0x00000000c0000000, 0x00000000c4300000, 0x00000000eab00000)
  object space 68608K, 54% used [0x00000000c0000000,0x00000000c24669e8,0x00000000c4300000)
 Metaspace       used 59288K, committed 60480K, reserved 1114112K
  class space    used 7093K, committed 7616K, reserved 1048576K
}
Event: 29.525 GC heap before
{Heap before GC invocations=43 (full 3):
 PSYoungGen      total 16384K, used 16378K [0x00000000eab00000, 0x00000000ebe80000, 0x0000000100000000)
  eden space 15360K, 100% used [0x00000000eab00000,0x00000000eba00000,0x00000000eba00000)
  from space 1024K, 99% used [0x00000000ebc80000,0x00000000ebd7e848,0x00000000ebd80000)
  to   space 1024K, 0% used [0x00000000ebd80000,0x00000000ebd80000,0x00000000ebe80000)
 ParOldGen       total 68608K, used 37274K [0x00000000c0000000, 0x00000000c4300000, 0x00000000eab00000)
  object space 68608K, 54% used [0x00000000c0000000,0x00000000c24669e8,0x00000000c4300000)
 Metaspace       used 59288K, committed 60480K, reserved 1114112K
  class space    used 7093K, committed 7616K, reserved 1048576K
}
Event: 29.526 GC heap after
{Heap after GC invocations=43 (full 3):
 PSYoungGen      total 15872K, used 288K [0x00000000eab00000, 0x00000000ebe00000, 0x0000000100000000)
  eden space 15360K, 0% used [0x00000000eab00000,0x00000000eab00000,0x00000000eba00000)
  from space 512K, 56% used [0x00000000ebd80000,0x00000000ebdc8000,0x00000000ebe00000)
  to   space 1024K, 0% used [0x00000000ebc00000,0x00000000ebc00000,0x00000000ebd00000)
 ParOldGen       total 68608K, used 37412K [0x00000000c0000000, 0x00000000c4300000, 0x00000000eab00000)
  object space 68608K, 54% used [0x00000000c0000000,0x00000000c2489338,0x00000000c4300000)
 Metaspace       used 59288K, committed 60480K, reserved 1114112K
  class space    used 7093K, committed 7616K, reserved 1048576K
}
Event: 29.637 GC heap before
{Heap before GC invocations=44 (full 3):
 PSYoungGen      total 15872K, used 15648K [0x00000000eab00000, 0x00000000ebe00000, 0x0000000100000000)
  eden space 15360K, 100% used [0x00000000eab00000,0x00000000eba00000,0x00000000eba00000)
  from space 512K, 56% used [0x00000000ebd80000,0x00000000ebdc8000,0x00000000ebe00000)
  to   space 1024K, 0% used [0x00000000ebc00000,0x00000000ebc00000,0x00000000ebd00000)
 ParOldGen       total 68608K, used 37412K [0x00000000c0000000, 0x00000000c4300000, 0x00000000eab00000)
  object space 68608K, 54% used [0x00000000c0000000,0x00000000c2489338,0x00000000c4300000)
 Metaspace       used 59288K, committed 60480K, reserved 1114112K
  class space    used 7093K, committed 7616K, reserved 1048576K
}
Event: 29.637 GC heap after
{Heap after GC invocations=44 (full 3):
 PSYoungGen      total 16384K, used 1007K [0x00000000eab00000, 0x00000000ebe00000, 0x0000000100000000)
  eden space 15360K, 0% used [0x00000000eab00000,0x00000000eab00000,0x00000000eba00000)
  from space 1024K, 98% used [0x00000000ebc00000,0x00000000ebcfbd20,0x00000000ebd00000)
  to   space 1024K, 0% used [0x00000000ebd00000,0x00000000ebd00000,0x00000000ebe00000)
 ParOldGen       total 68608K, used 37490K [0x00000000c0000000, 0x00000000c4300000, 0x00000000eab00000)
  object space 68608K, 54% used [0x00000000c0000000,0x00000000c249c840,0x00000000c4300000)
 Metaspace       used 59288K, committed 60480K, reserved 1114112K
  class space    used 7093K, committed 7616K, reserved 1048576K
}
Event: 29.749 GC heap before
{Heap before GC invocations=45 (full 3):
 PSYoungGen      total 16384K, used 16367K [0x00000000eab00000, 0x00000000ebe00000, 0x0000000100000000)
  eden space 15360K, 100% used [0x00000000eab00000,0x00000000eba00000,0x00000000eba00000)
  from space 1024K, 98% used [0x00000000ebc00000,0x00000000ebcfbd20,0x00000000ebd00000)
  to   space 1024K, 0% used [0x00000000ebd00000,0x00000000ebd00000,0x00000000ebe00000)
 ParOldGen       total 68608K, used 37490K [0x00000000c0000000, 0x00000000c4300000, 0x00000000eab00000)
  object space 68608K, 54% used [0x00000000c0000000,0x00000000c249c840,0x00000000c4300000)
 Metaspace       used 59290K, committed 60480K, reserved 1114112K
  class space    used 7093K, committed 7616K, reserved 1048576K
}
Event: 29.749 GC heap after
{Heap after GC invocations=45 (full 3):
 PSYoungGen      total 15872K, used 256K [0x00000000eab00000, 0x00000000ebd80000, 0x0000000100000000)
  eden space 15360K, 0% used [0x00000000eab00000,0x00000000eab00000,0x00000000eba00000)
  from space 512K, 50% used [0x00000000ebd00000,0x00000000ebd40000,0x00000000ebd80000)
  to   space 1024K, 0% used [0x00000000ebb80000,0x00000000ebb80000,0x00000000ebc80000)
 ParOldGen       total 68608K, used 37618K [0x00000000c0000000, 0x00000000c4300000, 0x00000000eab00000)
  object space 68608K, 54% used [0x00000000c0000000,0x00000000c24bc8c0,0x00000000c4300000)
 Metaspace       used 59290K, committed 60480K, reserved 1114112K
  class space    used 7093K, committed 7616K, reserved 1048576K
}
Event: 29.840 GC heap before
{Heap before GC invocations=46 (full 3):
 PSYoungGen      total 15872K, used 15616K [0x00000000eab00000, 0x00000000ebd80000, 0x0000000100000000)
  eden space 15360K, 100% used [0x00000000eab00000,0x00000000eba00000,0x00000000eba00000)
  from space 512K, 50% used [0x00000000ebd00000,0x00000000ebd40000,0x00000000ebd80000)
  to   space 1024K, 0% used [0x00000000ebb80000,0x00000000ebb80000,0x00000000ebc80000)
 ParOldGen       total 68608K, used 37618K [0x00000000c0000000, 0x00000000c4300000, 0x00000000eab00000)
  object space 68608K, 54% used [0x00000000c0000000,0x00000000c24bc8c0,0x00000000c4300000)
 Metaspace       used 59290K, committed 60480K, reserved 1114112K
  class space    used 7093K, committed 7616K, reserved 1048576K
}
Event: 29.841 GC heap after
{Heap after GC invocations=46 (full 3):
 PSYoungGen      total 16384K, used 960K [0x00000000eab00000, 0x00000000ebd80000, 0x0000000100000000)
  eden space 15360K, 0% used [0x00000000eab00000,0x00000000eab00000,0x00000000eba00000)
  from space 1024K, 93% used [0x00000000ebb80000,0x00000000ebc70128,0x00000000ebc80000)
  to   space 1024K, 0% used [0x00000000ebc80000,0x00000000ebc80000,0x00000000ebd80000)
 ParOldGen       total 68608K, used 37690K [0x00000000c0000000, 0x00000000c4300000, 0x00000000eab00000)
  object space 68608K, 54% used [0x00000000c0000000,0x00000000c24ce8d0,0x00000000c4300000)
 Metaspace       used 59290K, committed 60480K, reserved 1114112K
  class space    used 7093K, committed 7616K, reserved 1048576K
}
Event: 29.952 GC heap before
{Heap before GC invocations=47 (full 3):
 PSYoungGen      total 16384K, used 16320K [0x00000000eab00000, 0x00000000ebd80000, 0x0000000100000000)
  eden space 15360K, 100% used [0x00000000eab00000,0x00000000eba00000,0x00000000eba00000)
  from space 1024K, 93% used [0x00000000ebb80000,0x00000000ebc70128,0x00000000ebc80000)
  to   space 1024K, 0% used [0x00000000ebc80000,0x00000000ebc80000,0x00000000ebd80000)
 ParOldGen       total 68608K, used 37690K [0x00000000c0000000, 0x00000000c4300000, 0x00000000eab00000)
  object space 68608K, 54% used [0x00000000c0000000,0x00000000c24ce8d0,0x00000000c4300000)
 Metaspace       used 59290K, committed 60480K, reserved 1114112K
  class space    used 7093K, committed 7616K, reserved 1048576K
}
Event: 29.953 GC heap after
{Heap after GC invocations=47 (full 3):
 PSYoungGen      total 15872K, used 320K [0x00000000eab00000, 0x00000000ebd00000, 0x0000000100000000)
  eden space 15360K, 0% used [0x00000000eab00000,0x00000000eab00000,0x00000000eba00000)
  from space 512K, 62% used [0x00000000ebc80000,0x00000000ebcd0000,0x00000000ebd00000)
  to   space 1024K, 0% used [0x00000000ebb00000,0x00000000ebb00000,0x00000000ebc00000)
 ParOldGen       total 68608K, used 37941K [0x00000000c0000000, 0x00000000c4300000, 0x00000000eab00000)
  object space 68608K, 55% used [0x00000000c0000000,0x00000000c250d580,0x00000000c4300000)
 Metaspace       used 59290K, committed 60480K, reserved 1114112K
  class space    used 7093K, committed 7616K, reserved 1048576K
}
Event: 30.092 GC heap before
{Heap before GC invocations=48 (full 3):
 PSYoungGen      total 15872K, used 15680K [0x00000000eab00000, 0x00000000ebd00000, 0x0000000100000000)
  eden space 15360K, 100% used [0x00000000eab00000,0x00000000eba00000,0x00000000eba00000)
  from space 512K, 62% used [0x00000000ebc80000,0x00000000ebcd0000,0x00000000ebd00000)
  to   space 1024K, 0% used [0x00000000ebb00000,0x00000000ebb00000,0x00000000ebc00000)
 ParOldGen       total 68608K, used 37941K [0x00000000c0000000, 0x00000000c4300000, 0x00000000eab00000)
  object space 68608K, 55% used [0x00000000c0000000,0x00000000c250d580,0x00000000c4300000)
 Metaspace       used 59290K, committed 60480K, reserved 1114112K
  class space    used 7093K, committed 7616K, reserved 1048576K
}
Event: 30.093 GC heap after
{Heap after GC invocations=48 (full 3):
 PSYoungGen      total 16384K, used 931K [0x00000000eab00000, 0x00000000ebd00000, 0x0000000100000000)
  eden space 15360K, 0% used [0x00000000eab00000,0x00000000eab00000,0x00000000eba00000)
  from space 1024K, 90% used [0x00000000ebb00000,0x00000000ebbe8c08,0x00000000ebc00000)
  to   space 1024K, 0% used [0x00000000ebc00000,0x00000000ebc00000,0x00000000ebd00000)
 ParOldGen       total 68608K, used 38037K [0x00000000c0000000, 0x00000000c4300000, 0x00000000eab00000)
  object space 68608K, 55% used [0x00000000c0000000,0x00000000c2525590,0x00000000c4300000)
 Metaspace       used 59290K, committed 60480K, reserved 1114112K
  class space    used 7093K, committed 7616K, reserved 1048576K
}
Event: 30.236 GC heap before
{Heap before GC invocations=49 (full 3):
 PSYoungGen      total 16384K, used 16291K [0x00000000eab00000, 0x00000000ebd00000, 0x0000000100000000)
  eden space 15360K, 100% used [0x00000000eab00000,0x00000000eba00000,0x00000000eba00000)
  from space 1024K, 90% used [0x00000000ebb00000,0x00000000ebbe8c08,0x00000000ebc00000)
  to   space 1024K, 0% used [0x00000000ebc00000,0x00000000ebc00000,0x00000000ebd00000)
 ParOldGen       total 68608K, used 38037K [0x00000000c0000000, 0x00000000c4300000, 0x00000000eab00000)
  object space 68608K, 55% used [0x00000000c0000000,0x00000000c2525590,0x00000000c4300000)
 Metaspace       used 59290K, committed 60480K, reserved 1114112K
  class space    used 7093K, committed 7616K, reserved 1048576K
}
Event: 30.237 GC heap after
{Heap after GC invocations=49 (full 3):
 PSYoungGen      total 15872K, used 320K [0x00000000eab00000, 0x00000000ebc80000, 0x0000000100000000)
  eden space 15360K, 0% used [0x00000000eab00000,0x00000000eab00000,0x00000000eba00000)
  from space 512K, 62% used [0x00000000ebc00000,0x00000000ebc50010,0x00000000ebc80000)
  to   space 1024K, 0% used [0x00000000eba80000,0x00000000eba80000,0x00000000ebb80000)
 ParOldGen       total 68608K, used 38337K [0x00000000c0000000, 0x00000000c4300000, 0x00000000eab00000)
  object space 68608K, 55% used [0x00000000c0000000,0x00000000c2570760,0x00000000c4300000)
 Metaspace       used 59290K, committed 60480K, reserved 1114112K
  class space    used 7093K, committed 7616K, reserved 1048576K
}
Event: 32.408 GC heap before
{Heap before GC invocations=50 (full 3):
 PSYoungGen      total 15872K, used 15660K [0x00000000eab00000, 0x00000000ebc80000, 0x0000000100000000)
  eden space 15360K, 99% used [0x00000000eab00000,0x00000000eb9fb3a0,0x00000000eba00000)
  from space 512K, 62% used [0x00000000ebc00000,0x00000000ebc50010,0x00000000ebc80000)
  to   space 1024K, 0% used [0x00000000eba80000,0x00000000eba80000,0x00000000ebb80000)
 ParOldGen       total 68608K, used 38337K [0x00000000c0000000, 0x00000000c4300000, 0x00000000eab00000)
  object space 68608K, 55% used [0x00000000c0000000,0x00000000c2570760,0x00000000c4300000)
 Metaspace       used 60297K, committed 61568K, reserved 1114112K
  class space    used 7238K, committed 7808K, reserved 1048576K
}
Event: 32.409 GC heap after
{Heap after GC invocations=50 (full 3):
 PSYoungGen      total 16384K, used 944K [0x00000000eab00000, 0x00000000ebd00000, 0x0000000100000000)
  eden space 15360K, 0% used [0x00000000eab00000,0x00000000eab00000,0x00000000eba00000)
  from space 1024K, 92% used [0x00000000eba80000,0x00000000ebb6c010,0x00000000ebb80000)
  to   space 1536K, 0% used [0x00000000ebb80000,0x00000000ebb80000,0x00000000ebd00000)
 ParOldGen       total 68608K, used 38393K [0x00000000c0000000, 0x00000000c4300000, 0x00000000eab00000)
  object space 68608K, 55% used [0x00000000c0000000,0x00000000c257e770,0x00000000c4300000)
 Metaspace       used 60297K, committed 61568K, reserved 1114112K
  class space    used 7238K, committed 7808K, reserved 1048576K
}
Event: 80.187 GC heap before
{Heap before GC invocations=51 (full 3):
 PSYoungGen      total 16384K, used 16304K [0x00000000eab00000, 0x00000000ebd00000, 0x0000000100000000)
  eden space 15360K, 100% used [0x00000000eab00000,0x00000000eba00000,0x00000000eba00000)
  from space 1024K, 92% used [0x00000000eba80000,0x00000000ebb6c010,0x00000000ebb80000)
  to   space 1536K, 0% used [0x00000000ebb80000,0x00000000ebb80000,0x00000000ebd00000)
 ParOldGen       total 68608K, used 38393K [0x00000000c0000000, 0x00000000c4300000, 0x00000000eab00000)
  object space 68608K, 55% used [0x00000000c0000000,0x00000000c257e770,0x00000000c4300000)
 Metaspace       used 61474K, committed 62720K, reserved 1114112K
  class space    used 7349K, committed 7936K, reserved 1048576K
}
Event: 80.381 GC heap after
{Heap after GC invocations=51 (full 3):
 PSYoungGen      total 16384K, used 736K [0x00000000eab00000, 0x00000000ebc80000, 0x0000000100000000)
  eden space 15360K, 0% used [0x00000000eab00000,0x00000000eab00000,0x00000000eba00000)
  from space 1024K, 71% used [0x00000000ebb80000,0x00000000ebc38000,0x00000000ebc80000)
  to   space 1024K, 0% used [0x00000000eba80000,0x00000000eba80000,0x00000000ebb80000)
 ParOldGen       total 68608K, used 38729K [0x00000000c0000000, 0x00000000c4300000, 0x00000000eab00000)
  object space 68608K, 56% used [0x00000000c0000000,0x00000000c25d2780,0x00000000c4300000)
 Metaspace       used 61474K, committed 62720K, reserved 1114112K
  class space    used 7349K, committed 7936K, reserved 1048576K
}

