# JRE version: Java(TM) SE Runtime Environment 18.9 (11.0.22+9) (build 11.0.22+9-LTS-219)
# Java VM: Java HotSpot(TM) 64-Bit Server VM 18.9 (11.0.22+9-LTS-219, mixed mode, tiered, compressed oops, g1 gc, windows-amd64)
Heap:
 garbage-first heap   total 129024K, used 95638K [0x00000000a0000000, 0x0000000100000000)
  region size 1024K, 6 young (6144K), 2 survivors (2048K)
 Metaspace       used 92929K, capacity 95797K, committed 96080K, reserved 1132544K
  class space    used 12032K, capacity 13009K, committed 13056K, reserved 1048576K
GC Heap History (10 events):
Event: 55.097 GC heap before
{Heap before GC invocations=36 (full 0):
 garbage-first heap   total 129024K, used 92164K [0x00000000a0000000, 0x0000000100000000)
  region size 1024K, 6 young (6144K), 3 survivors (3072K)
 Metaspace       used 86304K, capacity 89014K, committed 89168K, reserved 1126400K
  class space    used 11300K, capacity 12272K, committed 12288K, reserved 1048576K
}
Event: 55.101 GC heap after
{Heap after GC invocations=37 (full 0):
 garbage-first heap   total 129024K, used 88848K [0x00000000a0000000, 0x0000000100000000)
  region size 1024K, 1 young (1024K), 1 survivors (1024K)
 Metaspace       used 86304K, capacity 89014K, committed 89168K, reserved 1126400K
  class space    used 11300K, capacity 12272K, committed 12288K, reserved 1048576K
}
Event: 56.909 GC heap before
{Heap before GC invocations=37 (full 0):
 garbage-first heap   total 129024K, used 109328K [0x00000000a0000000, 0x0000000100000000)
  region size 1024K, 21 young (21504K), 1 survivors (1024K)
 Metaspace       used 87365K, capacity 90088K, committed 90320K, reserved 1128448K
  class space    used 11441K, capacity 12409K, committed 12416K, reserved 1048576K
}
Event: 56.913 GC heap after
{Heap after GC invocations=38 (full 0):
 garbage-first heap   total 129024K, used 90217K [0x00000000a0000000, 0x0000000100000000)
  region size 1024K, 3 young (3072K), 3 survivors (3072K)
 Metaspace       used 87365K, capacity 90088K, committed 90320K, reserved 1128448K
  class space    used 11441K, capacity 12409K, committed 12416K, reserved 1048576K
}
Event: 58.873 GC heap before
{Heap before GC invocations=39 (full 0):
 garbage-first heap   total 129024K, used 108649K [0x00000000a0000000, 0x0000000100000000)
  region size 1024K, 21 young (21504K), 3 survivors (3072K)
 Metaspace       used 88379K, capacity 91088K, committed 91344K, reserved 1128448K
  class space    used 11593K, capacity 12570K, committed 12672K, reserved 1048576K
}
Event: 58.925 GC heap after
{Heap after GC invocations=40 (full 0):
 garbage-first heap   total 129024K, used 91108K [0x00000000a0000000, 0x0000000100000000)
  region size 1024K, 1 young (1024K), 1 survivors (1024K)
 Metaspace       used 88379K, capacity 91088K, committed 91344K, reserved 1128448K
  class space    used 11593K, capacity 12570K, committed 12672K, reserved 1048576K
}
Event: 84.304 GC heap before
{Heap before GC invocations=40 (full 0):
 garbage-first heap   total 129024K, used 110564K [0x00000000a0000000, 0x0000000100000000)
  region size 1024K, 20 young (20480K), 1 survivors (1024K)
 Metaspace       used 89309K, capacity 92120K, committed 92240K, reserved 1128448K
  class space    used 11720K, capacity 12697K, committed 12800K, reserved 1048576K
}
Event: 84.344 GC heap after
{Heap after GC invocations=41 (full 0):
 garbage-first heap   total 129024K, used 92049K [0x00000000a0000000, 0x0000000100000000)
  region size 1024K, 2 young (2048K), 2 survivors (2048K)
 Metaspace       used 89309K, capacity 92120K, committed 92240K, reserved 1128448K
  class space    used 11720K, capacity 12697K, committed 12800K, reserved 1048576K
}
Event: 85.037 GC heap before
{Heap before GC invocations=42 (full 0):
 garbage-first heap   total 129024K, used 109457K [0x00000000a0000000, 0x0000000100000000)
  region size 1024K, 20 young (20480K), 2 survivors (2048K)
 Metaspace       used 92351K, capacity 95175K, committed 95312K, reserved 1132544K
  class space    used 11992K, capacity 12973K, committed 13056K, reserved 1048576K
}
Event: 85.042 GC heap after
{Heap after GC invocations=43 (full 0):
 garbage-first heap   total 129024K, used 92566K [0x00000000a0000000, 0x0000000100000000)
  region size 1024K, 2 young (2048K), 2 survivors (2048K)
 Metaspace       used 92351K, capacity 95175K, committed 95312K, reserved 1132544K
  class space    used 11992K, capacity 12973K, committed 13056K, reserved 1048576K
}

