# JRE version: Java(TM) SE Runtime Environment 18.9 (11.0.22+9) (build 11.0.22+9-LTS-219)
# Java VM: Java HotSpot(TM) 64-Bit Server VM 18.9 (11.0.22+9-LTS-219, mixed mode, tiered, compressed oops, g1 gc, windows-amd64)
Heap:
 garbage-first heap   total 129024K, used 77097K [0x00000000a0000000, 0x0000000100000000)
  region size 1024K, 17 young (17408K), 5 survivors (5120K)
 Metaspace       used 70525K, capacity 72642K, committed 72912K, reserved 1112064K
  class space    used 9012K, capacity 9765K, committed 9856K, reserved 1048576K
GC Heap History (10 events):
Event: 47.332 GC heap before
{Heap before GC invocations=15 (full 0):
 garbage-first heap   total 129024K, used 90516K [0x00000000a0000000, 0x0000000100000000)
  region size 1024K, 37 young (37888K), 2 survivors (2048K)
 Metaspace       used 62792K, capacity 64685K, committed 64976K, reserved 1105920K
  class space    used 8034K, capacity 8713K, committed 8832K, reserved 1048576K
}
Event: 47.340 GC heap after
{Heap after GC invocations=16 (full 0):
 garbage-first heap   total 129024K, used 55699K [0x00000000a0000000, 0x0000000100000000)
  region size 1024K, 3 young (3072K), 3 survivors (3072K)
 Metaspace       used 62792K, capacity 64685K, committed 64976K, reserved 1105920K
  class space    used 8034K, capacity 8713K, committed 8832K, reserved 1048576K
}
Event: 50.010 GC heap before
{Heap before GC invocations=16 (full 0):
 garbage-first heap   total 129024K, used 91539K [0x00000000a0000000, 0x0000000100000000)
  region size 1024K, 39 young (39936K), 3 survivors (3072K)
 Metaspace       used 65257K, capacity 67236K, committed 67536K, reserved 1107968K
  class space    used 8328K, capacity 9043K, committed 9088K, reserved 1048576K
}
Event: 50.018 GC heap after
{Heap after GC invocations=17 (full 0):
 garbage-first heap   total 129024K, used 58786K [0x00000000a0000000, 0x0000000100000000)
  region size 1024K, 5 young (5120K), 5 survivors (5120K)
 Metaspace       used 65257K, capacity 67236K, committed 67536K, reserved 1107968K
  class space    used 8328K, capacity 9043K, committed 9088K, reserved 1048576K
}
Event: 55.760 GC heap before
{Heap before GC invocations=17 (full 0):
 garbage-first heap   total 129024K, used 96674K [0x00000000a0000000, 0x0000000100000000)
  region size 1024K, 42 young (43008K), 5 survivors (5120K)
 Metaspace       used 67882K, capacity 69888K, committed 70224K, reserved 1110016K
  class space    used 8673K, capacity 9368K, committed 9472K, reserved 1048576K
}
Event: 55.777 GC heap after
{Heap after GC invocations=18 (full 0):
 garbage-first heap   total 129024K, used 60794K [0x00000000a0000000, 0x0000000100000000)
  region size 1024K, 5 young (5120K), 5 survivors (5120K)
 Metaspace       used 67882K, capacity 69888K, committed 70224K, reserved 1110016K
  class space    used 8673K, capacity 9368K, committed 9472K, reserved 1048576K
}
Event: 60.167 GC heap before
{Heap before GC invocations=18 (full 0):
 garbage-first heap   total 129024K, used 97658K [0x00000000a0000000, 0x0000000100000000)
  region size 1024K, 42 young (43008K), 5 survivors (5120K)
 Metaspace       used 69907K, capacity 71919K, committed 72144K, reserved 1112064K
  class space    used 8904K, capacity 9585K, committed 9600K, reserved 1048576K
}
Event: 60.248 GC heap after
{Heap after GC invocations=19 (full 0):
 garbage-first heap   total 129024K, used 63462K [0x00000000a0000000, 0x0000000100000000)
  region size 1024K, 5 young (5120K), 5 survivors (5120K)
 Metaspace       used 69907K, capacity 71919K, committed 72144K, reserved 1112064K
  class space    used 8904K, capacity 9585K, committed 9600K, reserved 1048576K
}
Event: 66.943 GC heap before
{Heap before GC invocations=19 (full 0):
 garbage-first heap   total 129024K, used 100326K [0x00000000a0000000, 0x0000000100000000)
  region size 1024K, 41 young (41984K), 5 survivors (5120K)
 Metaspace       used 70400K, capacity 72477K, committed 72656K, reserved 1112064K
  class space    used 8990K, capacity 9729K, committed 9856K, reserved 1048576K
}
Event: 66.959 GC heap after
{Heap after GC invocations=20 (full 0):
 garbage-first heap   total 129024K, used 65833K [0x00000000a0000000, 0x0000000100000000)
  region size 1024K, 5 young (5120K), 5 survivors (5120K)
 Metaspace       used 70400K, capacity 72477K, committed 72656K, reserved 1112064K
  class space    used 8990K, capacity 9729K, committed 9856K, reserved 1048576K
}

